  stdafx.cpp
  Update.cpp
c:\users\daniel campbell\documents\github\thomaswaslate\update.cpp(15): warning C4244: 'argument': conversion from 'const int' to 'float', possible loss of data
c:\users\daniel campbell\documents\github\thomaswaslate\update.cpp(16): warning C4244: 'argument': conversion from 'const int' to 'float', possible loss of data
  Thomas.cpp
c:\users\daniel campbell\documents\github\thomaswaslate\thomas.cpp(9): warning C4305: '=': truncation from 'double' to 'float'
  TextureHolder.cpp
  main.cpp
  Input.cpp
  Engine.cpp
c:\users\daniel campbell\documents\github\thomaswaslate\engine.cpp(9): warning C4244: '=': conversion from 'unsigned int' to 'float', possible loss of data
c:\users\daniel campbell\documents\github\thomaswaslate\engine.cpp(10): warning C4244: '=': conversion from 'unsigned int' to 'float', possible loss of data
c:\users\daniel campbell\documents\github\thomaswaslate\engine.cpp(12): warning C4244: 'argument': conversion from 'float' to 'unsigned int', possible loss of data
  Draw.cpp
  Bob.cpp
  Generating Code...
Draw.obj : error LNK2019: unresolved external symbol "public: class sf::Sprite __thiscall PlayableCharacter::getSprite(void)" (?getSprite@PlayableCharacter@@QAE?AVSprite@sf@@XZ) referenced in function "private: void __thiscall Engine::draw(void)" (?draw@Engine@@AAEXXZ)
Update.obj : error LNK2019: unresolved external symbol "public: void __thiscall PlayableCharacter::spawn(class sf::Vector2<float>,float)" (?spawn@PlayableCharacter@@QAEXV?$Vector2@M@sf@@M@Z) referenced in function "private: void __thiscall Engine::update(float)" (?update@Engine@@AAEXM@Z)
Update.obj : error LNK2019: unresolved external symbol "public: class sf::Vector2<float> __thiscall PlayableCharacter::getCenter(void)" (?getCenter@PlayableCharacter@@QAE?AV?$Vector2@M@sf@@XZ) referenced in function "private: void __thiscall Engine::update(float)" (?update@Engine@@AAEXM@Z)
Update.obj : error LNK2019: unresolved external symbol "public: void __thiscall PlayableCharacter::update(float)" (?update@PlayableCharacter@@QAEXM@Z) referenced in function "private: void __thiscall Engine::update(float)" (?update@Engine@@AAEXM@Z)
C:\Users\Daniel Campbell\Documents\GitHub\ThomasWasLate\Debug\ThomasWasLate.exe : fatal error LNK1120: 4 unresolved externals
